2025-04-23 19:25:02.9922 INFO Отключено 
2025-04-23 19:25:03.1043 INFO Успешное подключение к COM3 
2025-04-23 19:26:46.7958 INFO Отключено 
2025-04-23 19:26:46.9467 INFO Успешное подключение к COM3 
2025-04-23 19:26:49.1896 INFO Отключено 
2025-04-25 15:23:41.8824 INFO Отключено 
2025-04-25 15:23:41.9792 INFO Успешное подключение к COM4 
2025-04-25 15:50:08.2268 INFO Отключено 
2025-04-25 15:50:08.3227 INFO Успешное подключение к COM4 
2025-04-25 15:50:33.3772 INFO Отключено 
2025-04-25 15:50:48.7539 INFO Отключено 
2025-04-25 15:50:48.8465 INFO Успешное подключение к COM4 
2025-04-25 16:05:15.3506 INFO Отключено 
2025-04-25 16:05:15.4420 INFO Успешное подключение к COM4 
2025-04-25 16:41:21.5013 INFO Отключено 
2025-04-25 16:41:21.5214 INFO Успешное подключение к COM1 
2025-04-25 16:41:29.5982 INFO Отключено 
2025-04-25 16:41:42.4754 INFO Отключено 
2025-04-25 16:41:42.4973 INFO Успешное подключение к COM1 
2025-04-25 16:54:46.6761 INFO Отключено 
2025-04-25 16:54:46.6970 INFO Успешное подключение к COM1 
2025-04-25 16:57:33.1800 INFO Отключено 
2025-04-25 16:57:33.2030 INFO Успешное подключение к COM1 
2025-04-25 16:57:35.6527 INFO Отключено 
2025-04-25 16:57:37.7351 INFO Отключено 
2025-04-25 16:57:37.7351 INFO Успешное подключение к COM1 
2025-04-25 16:58:01.1563 INFO Отключено 
2025-04-25 16:58:01.1762 INFO Успешное подключение к COM1 
2025-04-25 17:03:06.8822 INFO Отключено 
2025-04-25 17:03:06.9041 INFO Успешное подключение к COM1 
2025-04-25 17:04:48.7871 INFO Отключено 
2025-04-25 17:04:48.8090 INFO Успешное подключение к COM1 
2025-04-27 13:44:19.3890 INFO Отключено 
2025-04-27 13:44:19.5760 INFO Успешное подключение к COM3 
2025-04-27 13:44:22.4792 INFO Отключено 
2025-04-27 13:44:23.7452 INFO Отключено 
2025-04-27 13:44:23.7452 INFO Успешное подключение к COM3 
2025-04-27 14:12:18.6459 INFO Отключено 
2025-04-27 14:12:18.7798 INFO Успешное подключение к COM3 
2025-04-27 14:12:51.4176 INFO Отключено 
2025-04-27 14:13:07.5420 INFO Отключено 
2025-04-27 14:13:07.6334 INFO Успешное подключение к COM3 
2025-04-27 14:13:10.0164 INFO Отключено 
2025-04-27 14:13:11.0557 INFO Отключено 
2025-04-27 14:13:11.0657 INFO Успешное подключение к COM3 
2025-04-27 14:20:16.8881 INFO Отключено 
2025-04-27 14:20:16.9804 INFO Успешное подключение к COM3 
2025-04-27 14:33:50.7212 INFO Отключено 
2025-04-27 14:33:50.8140 INFO Успешное подключение к COM3 
2025-04-27 14:34:39.9011 INFO Отключено 
2025-04-27 14:34:39.9991 INFO Успешное подключение к COM3 
2025-04-27 14:35:40.1823 INFO Отключено 
2025-04-27 14:35:40.2892 INFO Успешное подключение к COM3 
2025-04-27 14:41:26.4001 INFO Отключено 
2025-04-27 14:41:26.4879 INFO Успешное подключение к COM3 
2025-04-27 14:50:04.4537 INFO Отключено 
2025-04-27 14:50:04.5497 INFO Успешное подключение к COM3 
2025-04-27 15:16:24.0702 INFO Отключено 
2025-04-27 15:16:24.1571 INFO Успешное подключение к COM3 
2025-04-27 15:16:36.4005 INFO Отключено 
2025-04-27 15:16:38.5514 INFO Отключено 
2025-04-27 15:16:38.5574 INFO Успешное подключение к COM3 
2025-04-27 15:28:23.4113 INFO Отключено 
2025-04-27 15:28:23.4958 INFO Успешное подключение к COM3 
2025-04-27 15:28:26.4304 INFO Отключено 
2025-04-27 15:29:41.1243 INFO Отключено 
2025-04-27 15:29:41.2127 INFO Успешное подключение к COM3 
2025-04-27 15:29:44.3340 INFO Отключено 
2025-04-27 15:46:57.5844 INFO Отключено 
2025-04-27 15:46:57.6740 INFO Успешное подключение к COM3 
2025-04-27 15:47:13.3298 INFO Отключено 
2025-04-27 15:59:01.8801 INFO Отключено 
2025-04-27 15:59:01.9677 INFO Успешное подключение к COM3 
2025-04-27 16:02:51.7006 INFO Отключено 
2025-04-27 16:02:51.8076 INFO Успешное подключение к COM3 
2025-04-27 16:07:31.2149 INFO Отключено 
2025-04-27 16:07:31.3042 INFO Успешное подключение к COM3 
2025-04-27 16:10:10.9108 INFO Отключено 
2025-04-27 16:10:10.9997 INFO Успешное подключение к COM3 
2025-04-27 16:39:21.2088 INFO Отключено 
2025-04-27 16:39:21.2964 INFO Успешное подключение к COM3 
2025-04-27 16:50:40.3057 INFO Отключено 
2025-04-27 16:50:40.4725 INFO Успешное подключение к COM3 
2025-04-27 17:05:17.9315 INFO Отключено 
2025-04-27 17:05:18.1086 INFO Успешное подключение к COM3 
2025-04-27 17:32:53.2902 INFO Отключено 
2025-04-27 17:32:53.3877 INFO Успешное подключение к COM3 
2025-04-27 17:33:20.3560 INFO Отключено 
2025-04-27 17:33:20.4431 INFO Успешное подключение к COM3 
2025-04-27 17:49:39.2051 INFO Отключено 
2025-04-27 17:49:39.2985 INFO Успешное подключение к COM3 
2025-04-27 18:18:30.6987 INFO Отключено 
2025-04-27 18:18:30.7877 INFO Успешное подключение к COM3 
2025-04-27 18:21:06.4119 INFO Отключено 
2025-04-27 18:21:06.4907 INFO Успешное подключение к COM3 
2025-04-27 18:24:52.9016 INFO Отключено 
2025-04-27 18:24:52.9775 INFO Успешное подключение к COM3 
2025-04-27 19:15:38.1805 INFO Отключено 
2025-04-27 19:15:38.2759 INFO Успешное подключение к COM3 
2025-04-27 19:41:58.3731 INFO Отключено 
2025-04-27 19:41:58.4625 INFO Успешное подключение к COM3 
2025-04-27 19:43:08.1178 INFO Отключено 
2025-04-27 19:43:08.2094 INFO Успешное подключение к COM3 
2025-04-27 20:59:27.9693 INFO Отключено 
2025-04-27 20:59:28.0509 INFO Успешное подключение к COM3 
2025-04-27 21:01:12.1757 INFO Отключено 
2025-04-27 21:01:12.2537 INFO Успешное подключение к COM3 
2025-04-27 21:24:05.2723 INFO Отключено 
2025-04-27 21:24:05.3674 INFO Успешное подключение к COM3 
2025-04-27 21:25:27.9669 INFO Отключено 
2025-04-27 21:25:28.0637 INFO Успешное подключение к COM3 
2025-04-27 22:21:48.5843 INFO Отключено 
2025-04-27 22:21:48.6833 INFO Успешное подключение к COM3 
2025-04-27 22:22:19.9076 INFO Отключено 
2025-04-27 22:22:20.0047 INFO Успешное подключение к COM3 
2025-04-27 22:59:57.2972 INFO Отключено 
2025-04-27 22:59:57.3861 INFO Успешное подключение к COM3 
2025-04-27 23:01:09.9827 INFO Отключено 
2025-04-27 23:01:10.0868 INFO Успешное подключение к COM3 
2025-04-27 23:15:50.9690 INFO Отключено 
2025-04-27 23:15:51.0710 INFO Успешное подключение к COM3 
2025-04-27 23:21:45.5466 INFO Отключено 
2025-04-27 23:21:45.7308 INFO Успешное подключение к COM3 
2025-04-27 23:24:04.4793 INFO Отключено 
2025-04-27 23:24:04.6653 INFO Успешное подключение к COM3 
2025-04-27 23:28:00.4661 INFO Отключено 
2025-04-27 23:28:00.6406 INFO Успешное подключение к COM3 
2025-04-27 23:40:20.7712 INFO Успешное подключение к COM3 
2025-04-28 17:36:31.1886 INFO Успешное подключение к COM3 
2025-04-28 17:48:29.6799 INFO Успешное подключение к COM3 
2025-04-28 18:29:27.4750 INFO Успешное подключение к COM3 
2025-04-28 18:30:21.9525 INFO Успешное подключение к COM3 
2025-04-28 21:24:36.6149 INFO Успешное подключение к COM3 
2025-04-28 22:37:31.7397 INFO Успешное подключение к COM3 
2025-04-28 22:52:04.4466 INFO Успешное подключение к COM3 
2025-04-30 00:32:29.3875 INFO Настройки загружены 
2025-04-30 00:32:29.4355 DEBUG Обновлены доступные порты: COM3, COM4 
2025-04-30 00:35:50.4664 INFO Настройки загружены 
2025-04-30 00:35:50.5028 DEBUG Обновлены доступные порты: COM3, COM4 
2025-04-30 00:35:52.6562 INFO Приложение запущено 
2025-04-30 00:36:03.0947 DEBUG Обновлены доступные порты: COM3, COM4 
2025-04-30 00:36:05.8993 INFO Устройство отключено 
2025-04-30 00:36:05.9333 INFO Подключено к COM3 
2025-04-30 00:36:05.9333 INFO Успешное подключение к COM3 
2025-04-30 00:37:10.4431 INFO Настройки загружены 
2025-04-30 00:37:10.4833 DEBUG Обновлены доступные порты: COM3, COM4 
2025-04-30 00:37:12.7852 INFO Приложение запущено 
2025-04-30 00:37:20.9519 INFO Устройство отключено 
2025-04-30 00:37:20.9891 INFO Подключено к COM3 
2025-04-30 00:37:20.9891 INFO Успешное подключение к COM3 
2025-04-30 00:39:25.6694 INFO Настройки загружены 
2025-04-30 00:39:25.7113 DEBUG Обновлены доступные порты: COM3, COM4 
2025-04-30 00:39:27.8420 INFO Приложение запущено 
2025-04-30 00:39:32.1224 INFO Устройство отключено 
2025-04-30 00:39:32.1526 INFO Подключено к COM3 
2025-04-30 00:39:32.1526 INFO Успешное подключение к COM3 
2025-04-30 00:39:33.7437 INFO Устройство отключено 
2025-04-30 00:39:33.7437 INFO Успешное отключение 
2025-04-30 00:39:35.2838 INFO Устройство отключено 
2025-04-30 00:39:35.2928 INFO Подключено к COM3 
2025-04-30 00:39:35.2928 INFO Успешное подключение к COM3 
2025-04-30 00:40:17.1838 INFO Устройство отключено 
2025-04-30 00:40:17.1838 INFO Успешное отключение 
2025-04-30 00:51:16.6196 INFO Настройки загружены 
2025-04-30 00:51:16.6635 DEBUG Обновлены доступные порты: COM3, COM4 
2025-04-30 00:51:18.8873 INFO Приложение запущено 
2025-04-30 00:51:26.2340 INFO Устройство отключено 
2025-04-30 00:51:26.2660 INFO Подключено к COM3 
2025-04-30 00:51:26.2660 INFO Успешное подключение к COM3 
2025-04-30 00:51:51.7511 INFO Настройки загружены 
2025-04-30 00:51:51.7889 DEBUG Обновлены доступные порты: COM3, COM4 
2025-04-30 00:51:53.9151 INFO Приложение запущено 
2025-04-30 00:51:58.6644 INFO Устройство отключено 
2025-04-30 00:51:58.6934 INFO Подключено к COM3 
2025-04-30 00:51:58.6954 INFO Успешное подключение к COM3 
2025-04-30 00:52:26.3422 INFO Устройство отключено 
2025-04-30 00:52:26.3422 INFO Успешное отключение 
2025-04-30 00:54:35.1741 INFO Настройки загружены 
2025-04-30 00:54:35.2151 DEBUG Обновлены доступные порты: COM3, COM4 
2025-04-30 00:54:37.6481 INFO Приложение запущено 
2025-04-30 00:54:46.8901 INFO Устройство отключено 
2025-04-30 00:54:46.9240 INFO Подключено к COM3 
2025-04-30 00:54:46.9240 INFO Успешное подключение к COM3 
2025-04-30 00:55:05.3918 INFO Настройки загружены 
2025-04-30 00:55:05.4317 DEBUG Обновлены доступные порты: COM3, COM4 
2025-04-30 00:55:07.6709 INFO Приложение запущено 
2025-04-30 00:55:12.2098 INFO Устройство отключено 
2025-04-30 00:55:12.2398 INFO Подключено к COM3 
2025-04-30 00:55:12.2398 INFO Успешное подключение к COM3 
2025-04-30 00:55:32.4846 INFO Устройство отключено 
2025-04-30 00:55:32.4846 INFO Успешное отключение 
2025-04-30 01:11:18.5882 INFO Настройки загружены 
2025-04-30 01:11:18.6299 DEBUG Обновлены доступные порты: COM3, COM4 
2025-04-30 01:11:20.9262 INFO Приложение запущено 
2025-04-30 01:11:25.3449 INFO Устройство отключено 
2025-04-30 01:11:25.3789 INFO Подключено к COM3 
2025-04-30 01:11:25.3789 INFO Успешное подключение к COM3 
2025-04-30 01:15:50.2338 INFO Настройки загружены 
2025-04-30 01:15:50.2718 DEBUG Обновлены доступные порты: COM3, COM4 
2025-04-30 01:15:52.4714 INFO Приложение запущено 
2025-04-30 01:15:55.8494 INFO Устройство отключено 
2025-04-30 01:15:57.2520 ERROR Ошибка записи в порт System.TimeoutException: Время ожидания операции записи истекло.
   в System.IO.Ports.SerialStream.Write(Byte[] array, Int32 offset, Int32 count, Int32 timeout)
   в System.IO.Ports.SerialStream.Write(Byte[] array, Int32 offset, Int32 count)
   в ValveActuatorHMI.Services.SerialPortAdapter.Write(Byte[] buffer, Int32 offset, Int32 count) в C:\Users\Админ\Desktop\ValveActuatorHMI\ValveActuatorHMI\Classes\SerialPortAdapter.cs:строка 74
2025-04-30 08:34:55.5834 INFO Настройки загружены 
2025-04-30 08:34:55.6384 DEBUG Обновлены доступные порты: COM3, COM4 
2025-04-30 08:34:58.2804 INFO Приложение запущено 
2025-04-30 08:35:07.0775 INFO Устройство отключено 
2025-04-30 08:35:08.5690 ERROR Ошибка записи в порт System.TimeoutException: Время ожидания операции записи истекло.
   в System.IO.Ports.SerialStream.Write(Byte[] array, Int32 offset, Int32 count, Int32 timeout)
   в System.IO.Ports.SerialStream.Write(Byte[] array, Int32 offset, Int32 count)
   в ValveActuatorHMI.Services.SerialPortAdapter.Write(Byte[] buffer, Int32 offset, Int32 count) в C:\Users\Админ\Desktop\ValveActuatorHMI\ValveActuatorHMI\Classes\SerialPortAdapter.cs:строка 74
2025-05-06 10:51:06.4581 INFO Настройки загружены 
2025-05-06 10:51:06.5151 DEBUG Обновлены доступные порты: COM3, COM4 
2025-05-06 10:51:14.1279 INFO Приложение запущено 
2025-05-06 11:16:37.2717 INFO Настройки загружены 
2025-05-06 11:16:37.4312 DEBUG Обновлены доступные порты: COM3, COM4 
2025-05-06 11:16:46.0215 INFO Приложение запущено 
2025-05-06 11:16:59.5356 INFO Устройство отключено 
2025-05-06 11:17:01.0790 ERROR Ошибка записи в порт System.TimeoutException: Время ожидания операции записи истекло.
   в System.IO.Ports.SerialStream.Write(Byte[] array, Int32 offset, Int32 count, Int32 timeout)
   в System.IO.Ports.SerialStream.Write(Byte[] array, Int32 offset, Int32 count)
   в ValveActuatorHMI.Services.SerialPortAdapter.Write(Byte[] buffer, Int32 offset, Int32 count) в C:\Users\Админ\Desktop\ValveActuatorHMI\ValveActuatorHMI\Classes\SerialPortAdapter.cs:строка 74
2025-05-06 11:17:27.5002 INFO Настройки загружены 
2025-05-06 11:17:27.6397 DEBUG Обновлены доступные порты: COM3, COM4 
2025-05-06 11:17:35.1714 INFO Приложение запущено 
2025-05-06 11:21:57.7034 INFO Настройки загружены 
2025-05-06 11:21:57.8724 DEBUG Обновлены доступные порты: COM3, COM4 
2025-05-06 11:22:05.9734 INFO Приложение запущено 
2025-05-06 11:22:25.9242 DEBUG Обновлены доступные порты: COM3, COM4 
2025-05-15 14:49:58.4259 INFO Настройки загружены 
2025-05-15 14:49:58.5214 DEBUG Обновлены доступные порты: COM3, COM4 
2025-05-15 14:50:01.6225 INFO Приложение запущено 
2025-05-15 14:50:06.1390 ERROR Ошибка загрузки Excel файла OfficeOpenXml.LicenseException: Please set the ExcelPackage.LicenseContext property. See https://epplussoftware.com/developers/licenseexception
   в OfficeOpenXml.ExcelPackage.get_Workbook()
   в ValveActuatorHMI.Services.ExcelService.ImportVariableMap(String filePath) в C:\Users\Админ\Desktop\ValveActuatorHMI\ValveActuatorHMI\Services\ExcelService.cs:строка 61
   в ValveActuatorHMI.ViewModels.MainViewModel.LoadExcelFile() в C:\Users\Админ\Desktop\ValveActuatorHMI\ValveActuatorHMI\ViewModels\MainViewModel.cs:строка 562
2025-05-15 14:50:06.2256 ERROR Ошибка загрузки Excel файла OfficeOpenXml.LicenseException: Please set the ExcelPackage.LicenseContext property. See https://epplussoftware.com/developers/licenseexception
   в OfficeOpenXml.ExcelPackage.get_Workbook()
   в ValveActuatorHMI.Services.ExcelService.ImportVariableMap(String filePath) в C:\Users\Админ\Desktop\ValveActuatorHMI\ValveActuatorHMI\Services\ExcelService.cs:строка 61
   в ValveActuatorHMI.ViewModels.MainViewModel.LoadExcelFile() в C:\Users\Админ\Desktop\ValveActuatorHMI\ValveActuatorHMI\ViewModels\MainViewModel.cs:строка 562
2025-05-15 15:11:43.2523 INFO Настройки загружены 
2025-05-15 15:11:43.5921 DEBUG Обновлены доступные порты: COM3, COM4 
2025-05-15 15:11:46.5937 INFO Приложение запущено 
2025-05-15 15:11:51.1114 ERROR Ошибка загрузки Excel файла OfficeOpenXml.LicenseException: Please set the ExcelPackage.LicenseContext property. See https://epplussoftware.com/developers/licenseexception
   в OfficeOpenXml.ExcelPackage.get_Workbook()
   в ValveActuatorHMI.Services.ExcelService.ImportVariableMap(String filePath) в C:\Users\Админ\Desktop\ValveActuatorHMI\ValveActuatorHMI\Services\ExcelService.cs:строка 61
   в ValveActuatorHMI.ViewModels.MainViewModel.LoadExcelFile() в C:\Users\Админ\Desktop\ValveActuatorHMI\ValveActuatorHMI\ViewModels\MainViewModel.cs:строка 635
2025-05-15 15:11:51.1928 ERROR Ошибка загрузки Excel файла OfficeOpenXml.LicenseException: Please set the ExcelPackage.LicenseContext property. See https://epplussoftware.com/developers/licenseexception
   в OfficeOpenXml.ExcelPackage.get_Workbook()
   в ValveActuatorHMI.Services.ExcelService.ImportVariableMap(String filePath) в C:\Users\Админ\Desktop\ValveActuatorHMI\ValveActuatorHMI\Services\ExcelService.cs:строка 61
   в ValveActuatorHMI.ViewModels.MainViewModel.LoadExcelFile() в C:\Users\Админ\Desktop\ValveActuatorHMI\ValveActuatorHMI\ViewModels\MainViewModel.cs:строка 635
2025-05-15 15:12:28.9298 ERROR Ошибка загрузки Excel файла OfficeOpenXml.LicenseException: Please set the ExcelPackage.LicenseContext property. See https://epplussoftware.com/developers/licenseexception
   в OfficeOpenXml.ExcelPackage.get_Workbook()
   в ValveActuatorHMI.Services.ExcelService.ImportVariableMap(String filePath) в C:\Users\Админ\Desktop\ValveActuatorHMI\ValveActuatorHMI\Services\ExcelService.cs:строка 61
   в ValveActuatorHMI.ViewModels.MainViewModel.LoadExcelFile() в C:\Users\Админ\Desktop\ValveActuatorHMI\ValveActuatorHMI\ViewModels\MainViewModel.cs:строка 635
2025-05-15 15:12:28.9656 ERROR Ошибка загрузки Excel файла OfficeOpenXml.LicenseException: Please set the ExcelPackage.LicenseContext property. See https://epplussoftware.com/developers/licenseexception
   в OfficeOpenXml.ExcelPackage.get_Workbook()
   в ValveActuatorHMI.Services.ExcelService.ImportVariableMap(String filePath) в C:\Users\Админ\Desktop\ValveActuatorHMI\ValveActuatorHMI\Services\ExcelService.cs:строка 61
   в ValveActuatorHMI.ViewModels.MainViewModel.LoadExcelFile() в C:\Users\Админ\Desktop\ValveActuatorHMI\ValveActuatorHMI\ViewModels\MainViewModel.cs:строка 635
2025-05-15 15:12:48.1140 ERROR Ошибка загрузки Excel файла OfficeOpenXml.LicenseException: Please set the ExcelPackage.LicenseContext property. See https://epplussoftware.com/developers/licenseexception
   в OfficeOpenXml.ExcelPackage.get_Workbook()
   в ValveActuatorHMI.Services.ExcelService.ImportVariableMap(String filePath) в C:\Users\Админ\Desktop\ValveActuatorHMI\ValveActuatorHMI\Services\ExcelService.cs:строка 61
   в ValveActuatorHMI.ViewModels.MainViewModel.LoadExcelFile() в C:\Users\Админ\Desktop\ValveActuatorHMI\ValveActuatorHMI\ViewModels\MainViewModel.cs:строка 635
2025-05-15 15:12:48.1500 ERROR Ошибка загрузки Excel файла OfficeOpenXml.LicenseException: Please set the ExcelPackage.LicenseContext property. See https://epplussoftware.com/developers/licenseexception
   в OfficeOpenXml.ExcelPackage.get_Workbook()
   в ValveActuatorHMI.Services.ExcelService.ImportVariableMap(String filePath) в C:\Users\Админ\Desktop\ValveActuatorHMI\ValveActuatorHMI\Services\ExcelService.cs:строка 61
   в ValveActuatorHMI.ViewModels.MainViewModel.LoadExcelFile() в C:\Users\Админ\Desktop\ValveActuatorHMI\ValveActuatorHMI\ViewModels\MainViewModel.cs:строка 635
2025-05-15 15:14:16.6433 INFO Устройство отключено 
2025-05-15 15:14:18.0015 ERROR Ошибка записи в порт System.TimeoutException: Время ожидания операции записи истекло.
   в System.IO.Ports.SerialStream.Write(Byte[] array, Int32 offset, Int32 count, Int32 timeout)
   в System.IO.Ports.SerialStream.Write(Byte[] array, Int32 offset, Int32 count)
   в ValveActuatorHMI.Services.SerialPortAdapter.Write(Byte[] buffer, Int32 offset, Int32 count) в C:\Users\Админ\Desktop\ValveActuatorHMI\ValveActuatorHMI\Classes\SerialPortAdapter.cs:строка 74
2025-05-15 15:15:46.5690 INFO Настройки загружены 
2025-05-15 15:15:46.6190 DEBUG Обновлены доступные порты: COM3, COM4 
2025-05-15 15:15:49.0062 INFO Приложение запущено 
2025-05-15 15:15:53.4883 ERROR Ошибка загрузки Excel файла OfficeOpenXml.LicenseException: Please set the ExcelPackage.LicenseContext property. See https://epplussoftware.com/developers/licenseexception
   в OfficeOpenXml.ExcelPackage.get_Workbook()
   в ValveActuatorHMI.Services.ExcelService.ImportVariableMap(String filePath) в C:\Users\Админ\Desktop\ValveActuatorHMI\ValveActuatorHMI\Services\ExcelService.cs:строка 61
   в ValveActuatorHMI.ViewModels.MainViewModel.LoadExcelFile() в C:\Users\Админ\Desktop\ValveActuatorHMI\ValveActuatorHMI\ViewModels\MainViewModel.cs:строка 635
2025-05-15 15:15:53.5713 ERROR Ошибка загрузки Excel файла OfficeOpenXml.LicenseException: Please set the ExcelPackage.LicenseContext property. See https://epplussoftware.com/developers/licenseexception
   в OfficeOpenXml.ExcelPackage.get_Workbook()
   в ValveActuatorHMI.Services.ExcelService.ImportVariableMap(String filePath) в C:\Users\Админ\Desktop\ValveActuatorHMI\ValveActuatorHMI\Services\ExcelService.cs:строка 61
   в ValveActuatorHMI.ViewModels.MainViewModel.LoadExcelFile() в C:\Users\Админ\Desktop\ValveActuatorHMI\ValveActuatorHMI\ViewModels\MainViewModel.cs:строка 635
2025-05-15 15:16:44.9077 INFO Настройки загружены 
2025-05-15 15:16:44.9477 DEBUG Обновлены доступные порты: COM3, COM4 
2025-05-15 15:16:47.3476 INFO Приложение запущено 
2025-05-15 15:54:23.9768 INFO Настройки загружены 
2025-05-15 15:54:24.0164 DEBUG Обновлены доступные порты: COM3, COM4 
2025-05-15 15:54:26.4431 INFO Приложение запущено 
2025-05-15 16:27:15.7057 INFO Настройки загружены 
2025-05-15 16:27:15.7597 DEBUG Обновлены доступные порты: COM3, COM4 
2025-05-15 16:27:18.3902 INFO Приложение запущено 
2025-05-15 16:52:23.6771 INFO Настройки загружены 
2025-05-15 16:52:23.7241 DEBUG Обновлены доступные порты: COM3, COM4 
2025-05-15 16:52:26.0929 INFO Приложение запущено 
2025-05-15 16:52:30.6109 ERROR Ошибка загрузки Excel файла System.NotImplementedException: Метод или операция не реализована.
   в ValveActuatorHMI.Services.ExcelService.GetVariableMap(String parameterName) в C:\Users\Админ\Desktop\ValveActuatorHMI\ValveActuatorHMI\Services\ExcelService.cs:строка 143
   в ValveActuatorHMI.ViewModels.MainViewModel.LoadExcelFile() в C:\Users\Админ\Desktop\ValveActuatorHMI\ValveActuatorHMI\ViewModels\MainViewModel.cs:строка 548
2025-05-15 16:52:30.6717 ERROR Ошибка загрузки Excel файла System.NotImplementedException: Метод или операция не реализована.
   в ValveActuatorHMI.Services.ExcelService.GetVariableMap(String parameterName) в C:\Users\Админ\Desktop\ValveActuatorHMI\ValveActuatorHMI\Services\ExcelService.cs:строка 143
   в ValveActuatorHMI.ViewModels.MainViewModel.LoadExcelFile() в C:\Users\Админ\Desktop\ValveActuatorHMI\ValveActuatorHMI\ViewModels\MainViewModel.cs:строка 548
2025-05-15 16:52:52.3324 ERROR Ошибка загрузки Excel файла System.NotImplementedException: Метод или операция не реализована.
   в ValveActuatorHMI.Services.ExcelService.GetVariableMap(String parameterName) в C:\Users\Админ\Desktop\ValveActuatorHMI\ValveActuatorHMI\Services\ExcelService.cs:строка 143
   в ValveActuatorHMI.ViewModels.MainViewModel.LoadExcelFile() в C:\Users\Админ\Desktop\ValveActuatorHMI\ValveActuatorHMI\ViewModels\MainViewModel.cs:строка 548
2025-05-15 16:52:52.3744 ERROR Ошибка загрузки Excel файла System.NotImplementedException: Метод или операция не реализована.
   в ValveActuatorHMI.Services.ExcelService.GetVariableMap(String parameterName) в C:\Users\Админ\Desktop\ValveActuatorHMI\ValveActuatorHMI\Services\ExcelService.cs:строка 143
   в ValveActuatorHMI.ViewModels.MainViewModel.LoadExcelFile() в C:\Users\Админ\Desktop\ValveActuatorHMI\ValveActuatorHMI\ViewModels\MainViewModel.cs:строка 548
2025-05-15 16:53:40.1672 ERROR Ошибка загрузки Excel файла System.NotImplementedException: Метод или операция не реализована.
   в ValveActuatorHMI.Services.ExcelService.GetVariableMap(String parameterName) в C:\Users\Админ\Desktop\ValveActuatorHMI\ValveActuatorHMI\Services\ExcelService.cs:строка 143
   в ValveActuatorHMI.ViewModels.MainViewModel.LoadExcelFile() в C:\Users\Админ\Desktop\ValveActuatorHMI\ValveActuatorHMI\ViewModels\MainViewModel.cs:строка 548
2025-05-15 16:53:40.2085 ERROR Ошибка загрузки Excel файла System.NotImplementedException: Метод или операция не реализована.
   в ValveActuatorHMI.Services.ExcelService.GetVariableMap(String parameterName) в C:\Users\Админ\Desktop\ValveActuatorHMI\ValveActuatorHMI\Services\ExcelService.cs:строка 143
   в ValveActuatorHMI.ViewModels.MainViewModel.LoadExcelFile() в C:\Users\Админ\Desktop\ValveActuatorHMI\ValveActuatorHMI\ViewModels\MainViewModel.cs:строка 548
2025-05-15 16:53:47.6921 INFO Устройство отключено 
2025-05-15 16:53:49.0490 ERROR Ошибка записи в порт System.TimeoutException: Время ожидания операции записи истекло.
   в System.IO.Ports.SerialStream.Write(Byte[] array, Int32 offset, Int32 count, Int32 timeout)
   в System.IO.Ports.SerialStream.Write(Byte[] array, Int32 offset, Int32 count)
   в ValveActuatorHMI.Services.SerialPortAdapter.Write(Byte[] buffer, Int32 offset, Int32 count) в C:\Users\Админ\Desktop\ValveActuatorHMI\ValveActuatorHMI\Classes\SerialPortAdapter.cs:строка 74
2025-05-15 17:15:38.7001 INFO Настройки загружены 
2025-05-15 17:15:38.7451 DEBUG Обновлены доступные порты: COM3, COM4 
2025-05-15 17:15:41.2907 INFO Приложение запущено 
2025-05-15 17:15:45.8898 ERROR Ошибка загрузки Excel файла System.NotImplementedException: Метод или операция не реализована.
   в ValveActuatorHMI.Services.ExcelService.GetVariableMap(String parameterName) в C:\Users\Админ\Desktop\ValveActuatorHMI\ValveActuatorHMI\Services\ExcelService.cs:строка 143
   в ValveActuatorHMI.ViewModels.MainViewModel.LoadExcelFile() в C:\Users\Админ\Desktop\ValveActuatorHMI\ValveActuatorHMI\ViewModels\MainViewModel.cs:строка 545
2025-05-15 17:15:45.9443 ERROR Ошибка загрузки Excel файла System.NotImplementedException: Метод или операция не реализована.
   в ValveActuatorHMI.Services.ExcelService.GetVariableMap(String parameterName) в C:\Users\Админ\Desktop\ValveActuatorHMI\ValveActuatorHMI\Services\ExcelService.cs:строка 143
   в ValveActuatorHMI.ViewModels.MainViewModel.LoadExcelFile() в C:\Users\Админ\Desktop\ValveActuatorHMI\ValveActuatorHMI\ViewModels\MainViewModel.cs:строка 545
2025-05-16 12:33:33.4302 INFO Настройки загружены 
2025-05-16 12:33:33.4738 DEBUG Обновлены доступные порты: COM3, COM4 
2025-05-16 12:33:36.1526 INFO Приложение запущено 
2025-05-16 12:45:57.2638 INFO Настройки загружены 
2025-05-16 12:45:57.3084 DEBUG Обновлены доступные порты: COM3, COM4 
2025-05-16 12:45:59.8777 INFO Приложение запущено 
2025-05-16 12:46:12.3026 INFO Устройство отключено 
2025-05-16 12:46:13.6836 ERROR Ошибка записи в порт System.TimeoutException: Время ожидания операции записи истекло.
   в System.IO.Ports.SerialStream.Write(Byte[] array, Int32 offset, Int32 count, Int32 timeout)
   в System.IO.Ports.SerialStream.Write(Byte[] array, Int32 offset, Int32 count)
   в ValveActuatorHMI.Services.SerialPortAdapter.Write(Byte[] buffer, Int32 offset, Int32 count) в C:\Users\Админ\Desktop\ValveActuatorHMI\ValveActuatorHMI\Classes\SerialPortAdapter.cs:строка 74
